<?xml version="1.0" encoding="UTF-8"?>
<!-- Generated by org.testng.reporters.JUnitXMLReporter -->
<testsuite ignored="1" hostname="DESKTOP-UFRJGIJ" failures="1" tests="2" name="Test" time="0.093" errors="0" timestamp="2022-12-06T22:47:09 IST">
  <testcase classname="com.testng.practice.TestNGPractice2" name="test" time="0.029"/>
  <testcase classname="com.testng.practice.TestNGPractice2" name="test1" time="0.0">
    <failure type="org.testng.TestNGException" message="
Parameter &amp;apos;url&amp;apos; is required by @Test on method test1 but has not been marked @Optional or defined
in C:\javaprograms\com.Realestate.Celestial1\testngregional.xml">
      <![CDATA[org.testng.TestNGException: 
Parameter 'url' is required by @Test on method test1 but has not been marked @Optional or defined
in C:\javaprograms\com.Realestate.Celestial1\testngregional.xml
at java.base/java.util.ArrayList.forEach(ArrayList.java:1511)
... Removed 26 stack frames]]>
    </failure>
  </testcase> <!-- test1 -->
  <testcase classname="com.testng.practice.TestNGPractice2" name="test2" time="0.0">
    <ignored/>
  </testcase> <!-- test2 -->
</testsuite> <!-- Test -->
